<?xml version="1.0" encoding="UTF-8"?>
<!-- Generated by org.testng.reporters.JUnitReportReporter -->
<testsuite hostname="LAPTOP-J7UF7I4K" failures="0" tests="1" name="com.crm.thepric.EditLockedMesg" time="72.948" errors="0" timestamp="2024-09-16T10:00:46 IST" skipped="0">
  <testcase classname="com.crm.thepric.EditLockedMesg" name="edit_mesg" time="72.948">
    <system-out>
      <![CDATA[edit_mesgÏs Executed]]>
    </system-out>
  </testcase> <!-- edit_mesg -->
  <system-out>
    <![CDATA[Enter number
enter first
enter second
enter third
enter fourth
edit_mesgÏs Executed]]>
  </system-out>
</testsuite> <!-- com.crm.thepric.EditLockedMesg -->
