<?xml version="1.0" encoding="UTF-8"?>
<!-- Generated by org.testng.reporters.JUnitReportReporter -->
<testsuite hostname="LAPTOP-J7UF7I4K" failures="0" tests="1" name="com.crm.thepric.DeleteLockedMsg" time="75.253" errors="0" timestamp="2024-09-16T09:57:17 IST" skipped="0">
  <testcase classname="com.crm.thepric.DeleteLockedMsg" name="delete_mesg" time="75.253">
    <system-out>
      <![CDATA[delete_mesgÏs Executed]]>
    </system-out>
  </testcase> <!-- delete_mesg -->
  <system-out>
    <![CDATA[Enter number
enter first
enter second
enter third
enter fourth
delete_mesgÏs Executed]]>
  </system-out>
</testsuite> <!-- com.crm.thepric.DeleteLockedMsg -->
