<?xml version="1.0" encoding="UTF-8"?>
<!-- Generated by org.testng.reporters.JUnitReportReporter -->
<testsuite hostname="LAPTOP-J7UF7I4K" failures="0" tests="1" name="com.crm.thepric.CreateLockedMsg" time="73.558" errors="0" timestamp="2024-09-16T09:55:49 IST" skipped="0">
  <testcase classname="com.crm.thepric.CreateLockedMsg" name="create_mesg" time="73.558"/>
  <system-out>
    <![CDATA[Enter number
enter first
enter second
enter third
enter fourth]]>
  </system-out>
</testsuite> <!-- com.crm.thepric.CreateLockedMsg -->
